  MainPage.cpp
C:\Users\ANTHONY\OneDrive - Universidad Peruana de Ciencias\A - Ciclo 5\Diseño y Patrones de Software (V)\TF\GodEye-App\GodEye-App\Dispositivo.h(30,33): warning C4553: "==": el resultado de la expresión no se usa. ¿Quiso decir "="?
C:\Users\ANTHONY\OneDrive - Universidad Peruana de Ciencias\A - Ciclo 5\Diseño y Patrones de Software (V)\TF\GodEye-App\GodEye-App\Dispositivo.h(31,26): warning C4553: "==": el resultado de la expresión no se usa. ¿Quiso decir "="?
C:\Users\ANTHONY\OneDrive - Universidad Peruana de Ciencias\A - Ciclo 5\Diseño y Patrones de Software (V)\TF\GodEye-App\GodEye-App\Dispositivo.h(59,34): warning C4267: 'return': conversión de 'size_t' a 'int'; posible pérdida de datos
C:\Users\ANTHONY\OneDrive - Universidad Peruana de Ciencias\A - Ciclo 5\Diseño y Patrones de Software (V)\TF\GodEye-App\GodEye-App\Archivo.h(32,14): warning C4996: 'fopen': This function or variable may be unsafe. Consider using fopen_s instead. To disable deprecation, use _CRT_SECURE_NO_WARNINGS. See online help for details.
C:\Users\ANTHONY\OneDrive - Universidad Peruana de Ciencias\A - Ciclo 5\Diseño y Patrones de Software (V)\TF\GodEye-App\GodEye-App\Archivo.h(33,10): warning C4996: 'fscanf': This function or variable may be unsafe. Consider using fscanf_s instead. To disable deprecation, use _CRT_SECURE_NO_WARNINGS. See online help for details.
C:\Users\ANTHONY\OneDrive - Universidad Peruana de Ciencias\A - Ciclo 5\Diseño y Patrones de Software (V)\TF\GodEye-App\GodEye-App\Archivo.h(53,14): warning C4996: 'fopen': This function or variable may be unsafe. Consider using fopen_s instead. To disable deprecation, use _CRT_SECURE_NO_WARNINGS. See online help for details.
C:\Users\ANTHONY\OneDrive - Universidad Peruana de Ciencias\A - Ciclo 5\Diseño y Patrones de Software (V)\TF\GodEye-App\GodEye-App\Archivo.h(54,10): warning C4996: 'fscanf': This function or variable may be unsafe. Consider using fscanf_s instead. To disable deprecation, use _CRT_SECURE_NO_WARNINGS. See online help for details.
C:\Users\ANTHONY\OneDrive - Universidad Peruana de Ciencias\A - Ciclo 5\Diseño y Patrones de Software (V)\TF\GodEye-App\GodEye-App\MyForm.h(76,42): warning C4244: 'argumento': conversión de 'double' a 'const unsigned __int64'; posible pérdida de datos
C:\Users\ANTHONY\OneDrive - Universidad Peruana de Ciencias\A - Ciclo 5\Diseño y Patrones de Software (V)\TF\GodEye-App\GodEye-App\MyForm.h(87,24): warning C4244: 'argumento': conversión de 'double' a 'const unsigned __int64'; posible pérdida de datos
C:\Users\ANTHONY\OneDrive - Universidad Peruana de Ciencias\A - Ciclo 5\Diseño y Patrones de Software (V)\TF\GodEye-App\GodEye-App\MyForm.h(344,41): warning C4244: 'argumento': conversión de 'double' a 'const unsigned __int64'; posible pérdida de datos
C:\Users\ANTHONY\OneDrive - Universidad Peruana de Ciencias\A - Ciclo 5\Diseño y Patrones de Software (V)\TF\GodEye-App\GodEye-App\MyForm.h(378,41): warning C4244: 'argumento': conversión de 'double' a 'const unsigned __int64'; posible pérdida de datos
C:\Users\ANTHONY\OneDrive - Universidad Peruana de Ciencias\A - Ciclo 5\Diseño y Patrones de Software (V)\TF\GodEye-App\GodEye-App\MyForm.h(381,23): warning C4244: 'argumento': conversión de 'double' a 'const unsigned __int64'; posible pérdida de datos
C:\Users\ANTHONY\OneDrive - Universidad Peruana de Ciencias\A - Ciclo 5\Diseño y Patrones de Software (V)\TF\GodEye-App\GodEye-App\MyForm.h(387,41): warning C4244: 'argumento': conversión de 'double' a 'const unsigned __int64'; posible pérdida de datos
C:\Users\ANTHONY\OneDrive - Universidad Peruana de Ciencias\A - Ciclo 5\Diseño y Patrones de Software (V)\TF\GodEye-App\GodEye-App\MyForm.h(390,23): warning C4244: 'argumento': conversión de 'double' a 'const unsigned __int64'; posible pérdida de datos
C:\Users\ANTHONY\OneDrive - Universidad Peruana de Ciencias\A - Ciclo 5\Diseño y Patrones de Software (V)\TF\GodEye-App\GodEye-App\MainPage.h(65,10): warning C4101: 'archFile': variable local sin referencia
C:\Users\ANTHONY\OneDrive - Universidad Peruana de Ciencias\A - Ciclo 5\Diseño y Patrones de Software (V)\TF\GodEye-App\GodEye-App\MainPage.h(158,66): warning C4244: 'argumento': conversión de 'int' a 'float'; posible pérdida de datos
C:\Users\ANTHONY\OneDrive - Universidad Peruana de Ciencias\A - Ciclo 5\Diseño y Patrones de Software (V)\TF\GodEye-App\GodEye-App\MainPage.h(159,66): warning C4244: 'argumento': conversión de 'int' a 'float'; posible pérdida de datos
C:\Users\ANTHONY\OneDrive - Universidad Peruana de Ciencias\A - Ciclo 5\Diseño y Patrones de Software (V)\TF\GodEye-App\GodEye-App\MainPage.h(160,71): warning C4244: 'argumento': conversión de 'int' a 'float'; posible pérdida de datos
C:\Users\ANTHONY\OneDrive - Universidad Peruana de Ciencias\A - Ciclo 5\Diseño y Patrones de Software (V)\TF\GodEye-App\GodEye-App\MainPage.h(161,71): warning C4244: 'argumento': conversión de 'int' a 'float'; posible pérdida de datos
  MyForm.cpp
C:\Users\ANTHONY\OneDrive - Universidad Peruana de Ciencias\A - Ciclo 5\Diseño y Patrones de Software (V)\TF\GodEye-App\GodEye-App\Dispositivo.h(30,33): warning C4553: "==": el resultado de la expresión no se usa. ¿Quiso decir "="?
C:\Users\ANTHONY\OneDrive - Universidad Peruana de Ciencias\A - Ciclo 5\Diseño y Patrones de Software (V)\TF\GodEye-App\GodEye-App\Dispositivo.h(31,26): warning C4553: "==": el resultado de la expresión no se usa. ¿Quiso decir "="?
C:\Users\ANTHONY\OneDrive - Universidad Peruana de Ciencias\A - Ciclo 5\Diseño y Patrones de Software (V)\TF\GodEye-App\GodEye-App\Dispositivo.h(59,34): warning C4267: 'return': conversión de 'size_t' a 'int'; posible pérdida de datos
C:\Users\ANTHONY\OneDrive - Universidad Peruana de Ciencias\A - Ciclo 5\Diseño y Patrones de Software (V)\TF\GodEye-App\GodEye-App\Archivo.h(32,14): warning C4996: 'fopen': This function or variable may be unsafe. Consider using fopen_s instead. To disable deprecation, use _CRT_SECURE_NO_WARNINGS. See online help for details.
C:\Users\ANTHONY\OneDrive - Universidad Peruana de Ciencias\A - Ciclo 5\Diseño y Patrones de Software (V)\TF\GodEye-App\GodEye-App\Archivo.h(33,10): warning C4996: 'fscanf': This function or variable may be unsafe. Consider using fscanf_s instead. To disable deprecation, use _CRT_SECURE_NO_WARNINGS. See online help for details.
C:\Users\ANTHONY\OneDrive - Universidad Peruana de Ciencias\A - Ciclo 5\Diseño y Patrones de Software (V)\TF\GodEye-App\GodEye-App\Archivo.h(53,14): warning C4996: 'fopen': This function or variable may be unsafe. Consider using fopen_s instead. To disable deprecation, use _CRT_SECURE_NO_WARNINGS. See online help for details.
C:\Users\ANTHONY\OneDrive - Universidad Peruana de Ciencias\A - Ciclo 5\Diseño y Patrones de Software (V)\TF\GodEye-App\GodEye-App\Archivo.h(54,10): warning C4996: 'fscanf': This function or variable may be unsafe. Consider using fscanf_s instead. To disable deprecation, use _CRT_SECURE_NO_WARNINGS. See online help for details.
C:\Users\ANTHONY\OneDrive - Universidad Peruana de Ciencias\A - Ciclo 5\Diseño y Patrones de Software (V)\TF\GodEye-App\GodEye-App\MyForm.h(76,42): warning C4244: 'argumento': conversión de 'double' a 'const unsigned __int64'; posible pérdida de datos
C:\Users\ANTHONY\OneDrive - Universidad Peruana de Ciencias\A - Ciclo 5\Diseño y Patrones de Software (V)\TF\GodEye-App\GodEye-App\MyForm.h(87,24): warning C4244: 'argumento': conversión de 'double' a 'const unsigned __int64'; posible pérdida de datos
C:\Users\ANTHONY\OneDrive - Universidad Peruana de Ciencias\A - Ciclo 5\Diseño y Patrones de Software (V)\TF\GodEye-App\GodEye-App\MyForm.h(344,41): warning C4244: 'argumento': conversión de 'double' a 'const unsigned __int64'; posible pérdida de datos
C:\Users\ANTHONY\OneDrive - Universidad Peruana de Ciencias\A - Ciclo 5\Diseño y Patrones de Software (V)\TF\GodEye-App\GodEye-App\MyForm.h(378,41): warning C4244: 'argumento': conversión de 'double' a 'const unsigned __int64'; posible pérdida de datos
C:\Users\ANTHONY\OneDrive - Universidad Peruana de Ciencias\A - Ciclo 5\Diseño y Patrones de Software (V)\TF\GodEye-App\GodEye-App\MyForm.h(381,23): warning C4244: 'argumento': conversión de 'double' a 'const unsigned __int64'; posible pérdida de datos
C:\Users\ANTHONY\OneDrive - Universidad Peruana de Ciencias\A - Ciclo 5\Diseño y Patrones de Software (V)\TF\GodEye-App\GodEye-App\MyForm.h(387,41): warning C4244: 'argumento': conversión de 'double' a 'const unsigned __int64'; posible pérdida de datos
C:\Users\ANTHONY\OneDrive - Universidad Peruana de Ciencias\A - Ciclo 5\Diseño y Patrones de Software (V)\TF\GodEye-App\GodEye-App\MyForm.h(390,23): warning C4244: 'argumento': conversión de 'double' a 'const unsigned __int64'; posible pérdida de datos
  Generando código...
  MainPage.obj : se encontró un módulo MSIL; vinculación incremental deshabilitada para MSIL; ejecutando vínculo completo
  GodEye-App.vcxproj -> C:\Users\ANTHONY\OneDrive - Universidad Peruana de Ciencias\A - Ciclo 5\Diseño y Patrones de Software (V)\TF\GodEye-App\x64\Debug\GodEye-App.exe
